<?xml version="1.0" encoding="UTF-8"?>
<testsuite xmlns:xsi="http://www.w3.org/2001/XMLSchema-instance" xsi:noNamespaceSchemaLocation="https://maven.apache.org/surefire/maven-surefire-plugin/xsd/surefire-test-report.xsd" version="3.0.2" name="com.example.websocketchatbacked.util.SimHashUtilTest" time="0.075" tests="19" errors="0" skipped="0" failures="0">
  <properties>
[...]
</properties>
  <testcase name="testSpecialCharacters" classname="com.example.websocketchatbacked.util.SimHashUtilTest" time="0.02"/>
  <testcase name="testHammingDistance" classname="com.example.websocketchatbacked.util.SimHashUtilTest" time="0.003"/>
  <testcase name="testIsSimilarWithMaxDistance" classname="com.example.websocketchatbacked.util.SimHashUtilTest" time="0.001"/>
  <testcase name="testGetSimHashWithNullText" classname="com.example.websocketchatbacked.util.SimHashUtilTest" time="0.002"/>
  <testcase name="testPreprocessText" classname="com.example.websocketchatbacked.util.SimHashUtilTest" time="0.0"/>
  <testcase name="testTokenizeWithEmptyText" classname="com.example.websocketchatbacked.util.SimHashUtilTest" time="0.0"/>
  <testcase name="testNumericText" classname="com.example.websocketchatbacked.util.SimHashUtilTest" time="0.002"/>
  <testcase name="testIsSimilarWithThreshold" classname="com.example.websocketchatbacked.util.SimHashUtilTest" time="0.005"/>
  <testcase name="testTokenize" classname="com.example.websocketchatbacked.util.SimHashUtilTest" time="0.001"/>
  <testcase name="testSimilarityWithDifferentTexts" classname="com.example.websocketchatbacked.util.SimHashUtilTest" time="0.002"/>
  <testcase name="testPerformanceWithBatchComparison" classname="com.example.websocketchatbacked.util.SimHashUtilTest" time="0.011"/>
  <testcase name="testPerformanceWithLargeText" classname="com.example.websocketchatbacked.util.SimHashUtilTest" time="0.004"/>
  <testcase name="testGetSimHashDifferentTexts" classname="com.example.websocketchatbacked.util.SimHashUtilTest" time="0.001"/>
  <testcase name="testGetSimHashWithEmptyText" classname="com.example.websocketchatbacked.util.SimHashUtilTest" time="0.0"/>
  <testcase name="testMixedChineseAndEnglish" classname="com.example.websocketchatbacked.util.SimHashUtilTest" time="0.002"/>
  <testcase name="testSimilarityWithSimilarTexts" classname="com.example.websocketchatbacked.util.SimHashUtilTest" time="0.0"/>
  <testcase name="testGetSimHashConsistency" classname="com.example.websocketchatbacked.util.SimHashUtilTest" time="0.0"/>
  <testcase name="testHammingDistanceWithSameText" classname="com.example.websocketchatbacked.util.SimHashUtilTest" time="0.001"/>
  <testcase name="testSimilarityRange" classname="com.example.websocketchatbacked.util.SimHashUtilTest" time="0.0"/>
</testsuite>